<?xml version="1.0" encoding="UTF-8"?>
<!-- Generated by org.testng.reporters.JUnitReportReporter -->
<testsuite skipped="0" hostname="venkatesh-PC" name="alerts.alerts.class1" tests="1" failures="0" timestamp="16 Nov 2019 10:59:57 GMT" time="34.881" errors="0">
  <testcase name="note" time="34.881" classname="alerts.alerts.class1"/>
</testsuite> <!-- alerts.alerts.class1 -->
